\BOOKMARK [0][-]{chapter.1}{\376\377\000M\000e\000c\000h\000a\000n\000i\000c\000s}{}% 1
\BOOKMARK [1][-]{section.1.1}{\376\377\000R\000e\000l\000a\000t\000i\000n\000g\000\040\000v\000e\000l\000o\000c\000i\000t\000i\000e\000s}{chapter.1}% 2
\BOOKMARK [1][-]{section.1.2}{\376\377\000F\000r\000i\000c\000t\000i\000o\000n}{chapter.1}% 3
\BOOKMARK [2][-]{subsection.1.2.1}{\376\377\000F\000r\000i\000c\000t\000i\000o\000n\000\040\000o\000n\000\040\000i\000n\000c\000l\000i\000n\000e\000d\000\040\000s\000l\000o\000p\000e}{section.1.2}% 4
\BOOKMARK [1][-]{section.1.3}{\376\377\000T\000e\000n\000s\000i\000o\000n}{chapter.1}% 5
\BOOKMARK [2][-]{subsection.1.3.1}{\376\377\000R\000u\000b\000b\000e\000r\000\040\000b\000a\000n\000d\000\040\000a\000r\000o\000u\000n\000d\000\040\000c\000y\000l\000i\000n\000d\000e\000r}{section.1.3}% 6
\BOOKMARK [2][-]{subsection.1.3.2}{\376\377\000H\000a\000n\000g\000i\000n\000g\000\040\000C\000h\000a\000i\000n}{section.1.3}% 7
\BOOKMARK [1][-]{section.1.4}{\376\377\000S\000H\000M}{chapter.1}% 8
\BOOKMARK [2][-]{subsection.1.4.1}{\376\377\000T\000r\000a\000n\000s\000l\000a\000t\000i\000o\000n\000a\000l\000\040\000p\000e\000r\000t\000u\000r\000b\000a\000t\000i\000o\000n}{section.1.4}% 9
\BOOKMARK [2][-]{subsection.1.4.2}{\376\377\000R\000a\000d\000i\000a\000l\000\040\000p\000e\000r\000t\000u\000r\000b\000a\000t\000i\000o\000n}{section.1.4}% 10
\BOOKMARK [1][-]{section.1.5}{\376\377\000N\000o\000n\000-\000i\000n\000e\000r\000t\000i\000a\000l\000\040\000r\000e\000f\000e\000r\000e\000n\000c\000e\000\040\000f\000r\000a\000m\000e\000s}{chapter.1}% 11
\BOOKMARK [2][-]{subsection.1.5.1}{\376\377\000T\000r\000a\000n\000s\000l\000a\000t\000i\000o\000n\000a\000l}{section.1.5}% 12
\BOOKMARK [2][-]{subsection.1.5.2}{\376\377\000R\000o\000t\000a\000t\000i\000o\000n\000a\000l}{section.1.5}% 13
\BOOKMARK [1][-]{section.1.6}{\376\377\000S\000J\000P\000O\0002\0000\0002\0001\000\040\000S\000p\000e\000c\000i\000a\000l\000\040\000R\000o\000u\000n\000d\000\040\000Q\000n}{chapter.1}% 14
\BOOKMARK [1][-]{section.1.7}{\376\377\000G\000r\000a\000v\000i\000t\000a\000t\000i\000o\000n}{chapter.1}% 15
\BOOKMARK [1][-]{section.1.8}{\376\377\000S\000c\000a\000l\000i\000n\000g\000\040\000a\000n\000d\000\040\000P\000a\000r\000a\000l\000l\000e\000l\000\040\000A\000x\000i\000s\000\040\000t\000h\000e\000o\000r\000e\000m}{chapter.1}% 16
\BOOKMARK [2][-]{subsection.1.8.1}{\376\377\000M\000O\000I\000\040\000o\000f\000\040\000a\000\040\000s\000i\000e\000r\000p\000i\000n\000s\000k\000i\000\040\000t\000r\000i\000a\000n\000g\000l\000e}{section.1.8}% 17
\BOOKMARK [0][-]{chapter.2}{\376\377\000E\000l\000e\000c\000t\000r\000o\000m\000a\000g\000n\000e\000t\000i\000s\000m}{}% 18
\BOOKMARK [1][-]{section.2.1}{\376\377\000E\000l\000e\000c\000t\000r\000i\000c\000\040\000f\000i\000e\000l\000d\000\040\000a\000n\000d\000\040\000p\000o\000t\000e\000n\000t\000i\000a\000l}{chapter.2}% 19
\BOOKMARK [2][-]{subsection.2.1.1}{\376\377\000F\000a\000r\000a\000d\000a\000y\000'\000s\000\040\000l\000a\000w\000\040\000o\000f\000\040\000i\000n\000d\000u\000c\000t\000i\000o\000n}{section.2.1}% 20
\BOOKMARK [2][-]{subsection.2.1.2}{\376\377\000M\000o\000r\000e\000\040\000a\000b\000o\000u\000t\000\040\000e\000l\000e\000c\000t\000r\000o\000m\000o\000t\000i\000v\000e\000\040\000f\000o\000r\000c\000e}{section.2.1}% 21
\BOOKMARK [1][-]{section.2.2}{\376\377\000D\000i\000f\000f\000e\000r\000e\000n\000t\000\040\000k\000i\000n\000d\000s\000\040\000o\000f\000\040\000"\000C\000u\000r\000r\000e\000n\000t\000"}{chapter.2}% 22
\BOOKMARK [1][-]{section.2.3}{\376\377\000V\000e\000c\000t\000o\000r\000\040\000p\000o\000t\000e\000n\000t\000i\000a\000l\000\040\000i\000s\000\040\000p\000r\000e\000t\000t\000y\000\040\000g\000a\000e}{chapter.2}% 23
\BOOKMARK [1][-]{section.2.4}{\376\377\000D\000i\000p\000o\000l\000e\000s}{chapter.2}% 24
\BOOKMARK [2][-]{subsection.2.4.1}{\376\377\000E\000l\000e\000c\000t\000r\000i\000c\000\040\000d\000i\000p\000o\000l\000e}{section.2.4}% 25
\BOOKMARK [2][-]{subsection.2.4.2}{\376\377\000M\000a\000g\000n\000e\000t\000i\000c\000\040\000d\000i\000p\000o\000l\000e}{section.2.4}% 26
\BOOKMARK [2][-]{subsection.2.4.3}{\376\377\000D\000i\000a\000m\000a\000g\000n\000e\000t\000i\000s\000m\000\040\000a\000n\000d\000\040\000P\000a\000r\000a\000m\000a\000g\000n\000e\000t\000i\000s\000m}{section.2.4}% 27
\BOOKMARK [1][-]{section.2.5}{\376\377\000V\000e\000c\000t\000o\000r\000\040\000p\000o\000t\000e\000n\000t\000i\000a\000l\000\040\000o\000f\000\040\000a\000\040\000r\000o\000t\000a\000t\000i\000n\000g\000,\000\040\000c\000h\000a\000r\000g\000e\000d\000\040\000s\000p\000h\000e\000r\000e}{chapter.2}% 28
\BOOKMARK [1][-]{section.2.6}{\376\377\000M\000a\000g\000n\000e\000t\000i\000s\000a\000t\000i\000o\000n}{chapter.2}% 29
\BOOKMARK [1][-]{section.2.7}{\376\377\000C\000i\000r\000c\000u\000i\000t}{chapter.2}% 30
\BOOKMARK [0][-]{chapter.3}{\376\377\000T\000h\000e\000r\000m\000o\000d\000y\000n\000a\000m\000i\000c\000s}{}% 31
\BOOKMARK [1][-]{section.3.1}{\376\377\000K\000i\000n\000e\000t\000i\000c\000\040\000t\000h\000e\000o\000r\000y\000\040\000-\000\040\000R\000y\000a\000n\000'\000s\000\040\000l\000e\000s\000s\000o\000n\000\040\000t\000r\000a\000n\000s\000c\000r\000i\000p\000t}{chapter.3}% 32
\BOOKMARK [2][-]{subsection.3.1.1}{\376\377\000P\000r\000o\000b\000a\000b\000i\000l\000i\000t\000y\000\040\000d\000i\000s\000t\000r\000i\000b\000u\000t\000i\000o\000n}{section.3.1}% 33
\BOOKMARK [2][-]{subsection.3.1.2}{\376\377\000v\000e\000l\000o\000c\000i\000t\000y\000\040\000d\000i\000s\000t\000r\000i\000b\000u\000t\000i\000o\000n}{section.3.1}% 34
\BOOKMARK [2][-]{subsection.3.1.3}{\376\377\000s\000p\000e\000e\000d\000\040\000d\000i\000s\000t\000r\000i\000b\000u\000t\000i\000o\000n}{section.3.1}% 35
\BOOKMARK [2][-]{subsection.3.1.4}{\376\377\000E\000q\000u\000i\000p\000a\000r\000t\000i\000t\000i\000o\000n\000\040\000t\000h\000e\000o\000r\000e\000m}{section.3.1}% 36
\BOOKMARK [1][-]{section.3.2}{\376\377\000I\000d\000e\000a\000l\000\040\000g\000a\000s\000\040\000l\000a\000w}{chapter.3}% 37
\BOOKMARK [1][-]{section.3.3}{\376\377\000F\000i\000r\000s\000t\000\040\000L\000a\000w\000\040\000o\000f\000\040\000t\000h\000e\000r\000m\000o\000d\000y\000n\000a\000m\000i\000c\000s}{chapter.3}% 38
\BOOKMARK [1][-]{section.3.4}{\376\377\000Q\000u\000a\000s\000i\000-\000s\000t\000a\000t\000i\000c\000\040\000p\000r\000o\000c\000e\000s\000s}{chapter.3}% 39
\BOOKMARK [1][-]{section.3.5}{\376\377\000H\000e\000a\000t\000\040\000e\000n\000g\000i\000n\000e\000s\000\040\000l\000o\000l}{chapter.3}% 40
\BOOKMARK [1][-]{section.3.6}{\376\377\000S\000e\000c\000o\000n\000d\000\040\000l\000a\000w\000\040\000o\000f\000\040\000t\000h\000e\000r\000m\000o\000d\000y\000n\000a\000m\000i\000c\000s}{chapter.3}% 41
\BOOKMARK [1][-]{section.3.7}{\376\377\000M\000o\000d\000e\000s\000\040\000o\000f\000\040\000h\000e\000a\000t\000\040\000t\000r\000a\000n\000s\000f\000e\000r}{chapter.3}% 42
\BOOKMARK [0][-]{chapter.4}{\376\377\000F\000l\000u\000i\000d\000\040\000f\000o\000r\000\040\000s\000y\000p\000t\000\040\0002\0000\0002\0003\000\040\000:\000\051}{}% 43
\BOOKMARK [1][-]{section.4.1}{\376\377\000E\000u\000l\000e\000r\000i\000a\000n}{chapter.4}% 44
\BOOKMARK [0][-]{chapter.5}{\376\377\000S\000p\000e\000c\000i\000a\000l\000\040\000R\000e\000l\000a\000t\000i\000v\000i\000t\000y}{}% 45
\BOOKMARK [1][-]{section.5.1}{\376\377\000k\000i\000n\000e\000m\000a\000t\000i\000c\000s}{chapter.5}% 46
\BOOKMARK [2][-]{subsection.5.1.1}{\376\377\000b\000a\000s\000i\000c\000s}{section.5.1}% 47
\BOOKMARK [2][-]{subsection.5.1.2}{\376\377\000L\000o\000r\000e\000n\000t\000z\000\040\000t\000r\000a\000n\000s\000f\000o\000r\000m\000a\000t\000i\000o\000n}{section.5.1}% 48
\BOOKMARK [2][-]{subsection.5.1.3}{\376\377\000r\000e\000l\000a\000t\000i\000v\000i\000s\000t\000i\000c\000\040\000v\000e\000l\000o\000c\000i\000t\000y\000\040\000a\000d\000d\000i\000t\000i\000o\000n}{section.5.1}% 49
\BOOKMARK [2][-]{subsection.5.1.4}{\376\377\000i\000n\000v\000a\000r\000i\000a\000n\000c\000e\000\040\000a\000n\000d\000\040\000m\000i\000n\000k\000o\000w\000s\000k\000i\000\040\000d\000i\000a\000g\000r\000a\000m}{section.5.1}% 50
\BOOKMARK [1][-]{section.5.2}{\376\377\000d\000y\000n\000a\000m\000i\000c\000s}{chapter.5}% 51
\BOOKMARK [2][-]{subsection.5.2.1}{\376\377\000E\000n\000e\000r\000g\000y\000\040\000a\000n\000d\000\040\000m\000o\000m\000e\000n\000t\000u\000m}{section.5.2}% 52
\BOOKMARK [2][-]{subsection.5.2.2}{\376\377\000R\000e\000l\000a\000t\000i\000v\000i\000s\000t\000i\000c\000\040\000C\000o\000l\000l\000i\000s\000i\000o\000n\000s}{section.5.2}% 53
\BOOKMARK [2][-]{subsection.5.2.3}{\376\377\000F\000o\000r\000c\000e}{section.5.2}% 54
\BOOKMARK [1][-]{section.5.3}{\376\377\0004\000-\000v\000e\000c\000t\000o\000r}{chapter.5}% 55
\BOOKMARK [0][-]{chapter.6}{\376\377\000M\000a\000t\000h}{}% 56
\BOOKMARK [1][-]{section.6.1}{\376\377\000S\000i\000n\000g\000l\000e\000\040\000v\000a\000r\000i\000a\000b\000l\000e\000\040\000c\000a\000l\000c\000u\000l\000u\000s}{chapter.6}% 57
\BOOKMARK [1][-]{section.6.2}{\376\377\000M\000u\000l\000t\000i\000-\000v\000a\000r\000i\000a\000b\000l\000e\000\040\000c\000a\000l\000c\000u\000l\000u\000s}{chapter.6}% 58
\BOOKMARK [2][-]{subsection.6.2.1}{\376\377\000W\000h\000y\000\040\000d\000o\000e\000s\000\040\000g\000r\000a\000d\000i\000e\000n\000t\000\040\000p\000o\000i\000n\000t\000s\000\040\000i\000n\000\040\000d\000i\000r\000e\000c\000t\000i\000o\000n\000\040\000o\000f\000\040\000g\000r\000e\000a\000t\000e\000s\000t\000\040\000a\000s\000c\000e\000n\000t}{section.6.2}% 59
\BOOKMARK [2][-]{subsection.6.2.2}{\376\377\000D\000i\000v\000e\000r\000g\000e\000n\000c\000e}{section.6.2}% 60
\BOOKMARK [2][-]{subsection.6.2.3}{\376\377\000C\000u\000r\000l}{section.6.2}% 61
\BOOKMARK [1][-]{section.6.3}{\376\377\000D\000i\000f\000f\000e\000r\000e\000n\000t\000i\000a\000l\000\040\000e\000q\000u\000a\000t\000i\000o\000n\000s}{chapter.6}% 62
\BOOKMARK [2][-]{subsection.6.3.1}{\376\377\000L\000i\000n\000e\000a\000r\000\040\000d\000i\000f\000f\000e\000r\000e\000n\000t\000i\000a\000l\000\040\000e\000q\000u\000a\000t\000i\000o\000n\000s\000\040\000-\000\040\000f\000r\000o\000m\000\040\000H\000e\000x\000i\000a\000n\000g\000'\000s\000\040\000s\000l\000i\000d\000e\000s}{section.6.3}% 63
\BOOKMARK [2][-]{subsection.6.3.2}{\376\377\000S\000o\000l\000u\000t\000i\000o\000n\000\040\000t\000o\000\040\000=\000-\0002\000\040\000x}{section.6.3}% 64
\BOOKMARK [2][-]{subsection.6.3.3}{\376\377\000I\000n\000t\000e\000g\000r\000a\000t\000i\000n\000g\000\040\000f\000r\000a\000c\000t\000o\000r}{section.6.3}% 65
\BOOKMARK [1][-]{section.6.4}{\376\377\000C\000o\000o\000l\000\040\000i\000n\000t\000e\000g\000r\000a\000l\000s}{chapter.6}% 66
\BOOKMARK [2][-]{subsection.6.4.1}{\376\377\000G\000a\000u\000s\000s\000i\000a\000n\000\040\000i\000n\000t\000e\000g\000r\000a\000l}{section.6.4}% 67
\BOOKMARK [0][-]{chapter.7}{\376\377\000P\000O\000\040\000t\000r\000a\000i\000n\000i\000n\000g}{}% 68
\BOOKMARK [1][-]{section.7.1}{\376\377\0001\0008\000/\0000\0008\000/\0002\0002}{chapter.7}% 69
\BOOKMARK [2][-]{subsection.7.1.1}{\376\377\000G\000a\000l\000l\000i\000l\000e\000a\000n\000\040\000I\000n\000v\000a\000r\000i\000a\000n\000c\000e}{section.7.1}% 70
\BOOKMARK [2][-]{subsection.7.1.2}{\376\377\000r\000o\000c\000k\000e\000t\000\040\000m\000o\000m\000e\000n\000t\000u\000m}{section.7.1}% 71
\BOOKMARK [1][-]{section.7.2}{\376\377\0002\0005\000/\0000\0008\000/\0002\0002}{chapter.7}% 72
\BOOKMARK [2][-]{subsection.7.2.1}{\376\377\000l\000i\000n\000e\000a\000r\000\040\000i\000n\000d\000e\000p\000e\000n\000d\000e\000n\000c\000e\000\040\000o\000f\000\040\000s\000o\000l\000u\000t\000i\000o\000n}{section.7.2}% 73
\BOOKMARK [1][-]{section.7.3}{\376\377\0002\0007\000/\0000\0008\000/\0002\0002}{chapter.7}% 74
\BOOKMARK [2][-]{subsection.7.3.1}{\376\377\000N\000e\000w\000t\000o\000n\000-\000R\000a\000p\000h\000s\000o\000n\000\040\000m\000e\000t\000h\000o\000d}{section.7.3}% 75
\BOOKMARK [2][-]{subsection.7.3.2}{\376\377\000P\000S\000\040\0002\000\040\000Q\000\040\0007}{section.7.3}% 76
\BOOKMARK [2][-]{subsection.7.3.3}{\376\377\000P\000S\000\040\0002\000\040\000Q\000\040\0008}{section.7.3}% 77
